<?xml version="1.0" encoding="UTF-8" ?>
<testsuite tests="11" failures="0" name="bpf.michaelhou.mythucydides.jbehave.AcceptanceTestSuite" time="25.877" errors="0" skipped="0">
  <properties>
    <property name="java.runtime.name" value="Java(TM) SE Runtime Environment"/>
    <property name="sun.boot.library.path" value="C:\Program Files\Java\jdk1.8.0_71\jre\bin"/>
    <property name="java.vm.version" value="25.71-b15"/>
    <property name="java.vm.vendor" value="Oracle Corporation"/>
    <property name="maven.multiModuleProjectDirectory" value="C:/automation/MyThucydides/mythucydides"/>
    <property name="java.vendor.url" value="http://java.oracle.com/"/>
    <property name="path.separator" value=";"/>
    <property name="guice.disable.misplaced.annotation.check" value="true"/>
    <property name="java.vm.name" value="Java HotSpot(TM) 64-Bit Server VM"/>
    <property name="file.encoding.pkg" value="sun.io"/>
    <property name="user.script" value=""/>
    <property name="user.country" value="AU"/>
    <property name="sun.java.launcher" value="SUN_STANDARD"/>
    <property name="sun.os.patch.level" value=""/>
    <property name="java.vm.specification.name" value="Java Virtual Machine Specification"/>
    <property name="user.dir" value="C:\automation\MyThucydides\mythucydides"/>
    <property name="webdriver.driver" value="chrome"/>
    <property name="java.runtime.version" value="1.8.0_71-b15"/>
    <property name="java.awt.graphicsenv" value="sun.awt.Win32GraphicsEnvironment"/>
    <property name="java.endorsed.dirs" value="C:\Program Files\Java\jdk1.8.0_71\jre\lib\endorsed"/>
    <property name="os.arch" value="amd64"/>
    <property name="java.io.tmpdir" value="C:\Users\michael.hou\AppData\Local\Temp\"/>
    <property name="line.separator" value="
"/>
    <property name="java.vm.specification.vendor" value="Oracle Corporation"/>
    <property name="user.variant" value=""/>
    <property name="os.name" value="Windows 10"/>
    <property name="classworlds.conf" value="C:/apache-maven-3.3.9/bin/m2.conf"/>
    <property name="sun.jnu.encoding" value="Cp1252"/>
    <property name="java.library.path" value="C:\Program Files\Java\jdk1.8.0_71\bin;C:\Windows\Sun\Java\bin;C:\Windows\system32;C:\Windows;C:\Users\michael.hou\bin;C:\Program Files\Git\mingw64\bin;C:\Program Files\Git\usr\local\bin;C:\Program Files\Git\usr\bin;C:\Program Files\Git\usr\bin;C:\Program Files\Git\mingw64\bin;C:\Program Files\Git\usr\bin;C:\Users\michael.hou\bin;C:\ProgramData\Oracle\Java\javapath;C:\Windows\system32;C:\Windows;C:\Windows\System32\Wbem;C:\Windows\System32\WindowsPowerShell\v1.0;C:\Program Files (x86)\QuickTime\QTSystem;C:\Program Files\Java\jdk1.8.0_71\bin;C:\Program Files (x86)\Skype\Phone;C:\Python34;C:\Python34\Scripts;C:\Program Files\Git\usr\bin;C:\Program Files (x86)\MySQL\MySQL Utilities;C:\Program Files (x86)\MySQL\MySQL Utilities\Doctrine extensions for PHP;C:\apache-maven-3.3.9\bin;C:\Program Files\Java\jdk1.8.0_71;C:\apache-maven-3.3.9\bin;C:\chromedriver;C:\Ruby193\bin;C:\Program Files\Docker Toolbox;C:\Ruby193;C:\Program Files\Git\usr\bin\vendor_perl;C:\Program Files\Git\usr\bin\core_perl;."/>
    <property name="java.specification.name" value="Java Platform API Specification"/>
    <property name="java.class.version" value="52.0"/>
    <property name="sun.management.compiler" value="HotSpot 64-Bit Tiered Compilers"/>
    <property name="maven.test.failure.ignore" value="true"/>
    <property name="os.version" value="10.0"/>
    <property name="user.home" value="C:\Users\michael.hou"/>
    <property name="user.timezone" value="Australia/Sydney"/>
    <property name="java.awt.printerjob" value="sun.awt.windows.WPrinterJob"/>
    <property name="java.specification.version" value="1.8"/>
    <property name="file.encoding" value="Cp1252"/>
    <property name="user.name" value="michael.hou"/>
    <property name="java.class.path" value="C:/apache-maven-3.3.9/boot/plexus-classworlds-2.5.2.jar"/>
    <property name="java.vm.specification.version" value="1.8"/>
    <property name="sun.arch.data.model" value="64"/>
    <property name="java.home" value="C:\Program Files\Java\jdk1.8.0_71\jre"/>
    <property name="sun.java.command" value="org.codehaus.plexus.classworlds.launcher.Launcher clean verify thucydides:aggregate -Dmaven.test.failure.ignore=true -Dwebdriver.driver=chrome"/>
    <property name="java.specification.vendor" value="Oracle Corporation"/>
    <property name="user.language" value="en"/>
    <property name="awt.toolkit" value="sun.awt.windows.WToolkit"/>
    <property name="java.vm.info" value="mixed mode"/>
    <property name="java.version" value="1.8.0_71"/>
    <property name="java.ext.dirs" value="C:\Program Files\Java\jdk1.8.0_71\jre\lib\ext;C:\Windows\Sun\Java\lib\ext"/>
    <property name="sun.boot.class.path" value="C:\Program Files\Java\jdk1.8.0_71\jre\lib\resources.jar;C:\Program Files\Java\jdk1.8.0_71\jre\lib\rt.jar;C:\Program Files\Java\jdk1.8.0_71\jre\lib\sunrsasign.jar;C:\Program Files\Java\jdk1.8.0_71\jre\lib\jsse.jar;C:\Program Files\Java\jdk1.8.0_71\jre\lib\jce.jar;C:\Program Files\Java\jdk1.8.0_71\jre\lib\charsets.jar;C:\Program Files\Java\jdk1.8.0_71\jre\lib\jfr.jar;C:\Program Files\Java\jdk1.8.0_71\jre\classes"/>
    <property name="java.vendor" value="Oracle Corporation"/>
    <property name="maven.home" value="C:\apache-maven-3.3.9"/>
    <property name="file.separator" value="\"/>
    <property name="java.vendor.url.bug" value="http://bugreport.sun.com/bugreport/"/>
    <property name="sun.cpu.endian" value="little"/>
    <property name="sun.io.unicode.encoding" value="UnicodeLittle"/>
    <property name="sun.desktop" value="windows"/>
    <property name="sun.cpu.isalist" value="amd64"/>
  </properties>
  <testcase classname="java.lang.Object" name="BeforeStories" time="0.008"/>
  <testcase classname="bpf.michaelhou.mythucydides.jbehave.DefinitionSteps" name="Given the user is on the Wikionary home page" time="11.882"/>
  <testcase classname="bpf.michaelhou.mythucydides.jbehave.DefinitionSteps" name="When the user looks up the definition of the word \&apos;apple\&apos;" time="3.252"/>
  <testcase classname="bpf.michaelhou.mythucydides.jbehave.DefinitionSteps" name="Then they should see the definition \&apos;A common\u002C round fruit produced by the tree Malus domestica\u002C cultivated in temperate climates.\&apos;" time="0.984"/>
  <testcase classname="Scenario: Looking up the definition of \&apos;apple\&apos;" name="Scenario: Looking up the definition of \&apos;apple\&apos;" time="1.137"/>
  <testcase classname="bpf.michaelhou.mythucydides.jbehave.DefinitionSteps" name="Given the user is on the Wikionary home page\u200B" time="1.389"/>
  <testcase classname="bpf.michaelhou.mythucydides.jbehave.DefinitionSteps" name="When the user looks up the definition of the word \&apos;pear\&apos;" time="2.624"/>
  <testcase classname="bpf.michaelhou.mythucydides.jbehave.DefinitionSteps" name="Then they should see the definition \&apos;An edible fruit produced by the pear tree\u002C similar to an apple but elongated towards the stem.\&apos;" time="0.563"/>
  <testcase classname="Scenario: Looking up the definition of \&apos;pear\&apos;" name="Scenario: Looking up the definition of \&apos;pear\&apos;" time="0.569"/>
  <testcase classname="LookupADefinition.story" name="LookupADefinition.story" time="2.017"/>
  <testcase classname="java.lang.Object" name="AfterStories" time="1.382"/>
</testsuite>